2023/11/04 01:29:32.173  [E] [scan_shop.go:78]  扫码请求失败
2023/11/04 01:29:46.543  [E] [scan_shop.go:78]  扫码请求失败
2023/11/04 01:31:16.082  [E] [scan_shop.go:78]  扫码请求失败
2023/11/04 15:32:52.227  [E] [scan_shop.go:78]  扫码请求失败
2023/11/04 16:29:11.302  [E] [pay.go:129]  发送请求失败: Post "YOUR_UPSTREAM_CHANNEL_API_URL": unsupported protocol scheme ""
2023/11/04 16:29:21.515  [E] [pay.go:129]  发送请求失败: Post "YOUR_UPSTREAM_CHANNEL_API_URL": unsupported protocol scheme ""
2023/11/04 16:33:03.552  [E] [pay.go:129]  发送请求失败: Post "YOUR_UPSTREAM_CHANNEL_API_URL": unsupported protocol scheme ""
2023/11/04 17:58:51.149  [M] [log.go:205]  [HTTP] http: superfluous response.WriteHeader call from github.com/beego/beego/v2/server/web/context.(*Response).WriteHeader (context.go:366)
2023/11/04 18:07:07.627  [M] [log.go:205]  [HTTP] http: superfluous response.WriteHeader call from github.com/beego/beego/v2/server/web/context.(*Response).WriteHeader (context.go:366)
2023/11/04 18:21:12.998  [E] [pay.go:104]  Error unmarshalling request body: unexpected end of JSON input
2023/11/04 20:03:45.781  [C] [config.go:500]  the request url is  /check_payment_status
2023/11/04 20:03:45.781  [C] [config.go:501]  Handler crashed with error reflect: Call with too few input arguments
2023/11/04 20:03:45.781  [C] [config.go:507]  /usr/local/go/src/runtime/panic.go:838
2023/11/04 20:03:45.782  [C] [config.go:507]  /usr/local/go/src/reflect/value.go:398
2023/11/04 20:03:45.782  [C] [config.go:507]  /usr/local/go/src/reflect/value.go:339
2023/11/04 20:03:45.782  [C] [config.go:507]  /root/go/pkg/mod/github.com/beego/beego/v2@v2.0.2/server/web/router.go:1200
2023/11/04 20:03:45.782  [C] [config.go:507]  /root/go/pkg/mod/github.com/beego/beego/v2@v2.0.2/server/web/filter.go:83
2023/11/04 20:03:45.782  [C] [config.go:507]  /root/go/pkg/mod/github.com/beego/beego/v2@v2.0.2/server/web/router.go:973
2023/11/04 20:03:45.782  [C] [config.go:507]  /usr/local/go/src/net/http/server.go:2916
2023/11/04 20:03:45.782  [C] [config.go:507]  /usr/local/go/src/net/http/server.go:1966
2023/11/04 20:03:45.782  [C] [config.go:507]  /usr/local/go/src/runtime/asm_amd64.s:1571
2023/11/04 20:03:50.596  [C] [config.go:500]  the request url is  /check_payment_status
2023/11/04 20:03:50.596  [C] [config.go:501]  Handler crashed with error reflect: Call with too few input arguments
2023/11/04 20:03:50.596  [C] [config.go:507]  /usr/local/go/src/runtime/panic.go:838
2023/11/04 20:03:50.596  [C] [config.go:507]  /usr/local/go/src/reflect/value.go:398
2023/11/04 20:03:50.597  [C] [config.go:507]  /usr/local/go/src/reflect/value.go:339
2023/11/04 20:03:50.597  [C] [config.go:507]  /root/go/pkg/mod/github.com/beego/beego/v2@v2.0.2/server/web/router.go:1200
2023/11/04 20:03:50.597  [C] [config.go:507]  /root/go/pkg/mod/github.com/beego/beego/v2@v2.0.2/server/web/filter.go:83
2023/11/04 20:03:50.597  [C] [config.go:507]  /root/go/pkg/mod/github.com/beego/beego/v2@v2.0.2/server/web/router.go:973
2023/11/04 20:03:50.597  [C] [config.go:507]  /usr/local/go/src/net/http/server.go:2916
2023/11/04 20:03:50.597  [C] [config.go:507]  /usr/local/go/src/net/http/server.go:1966
2023/11/04 20:03:50.597  [C] [config.go:507]  /usr/local/go/src/runtime/asm_amd64.s:1571
2023/11/04 20:04:07.593  [C] [config.go:500]  the request url is  /check_payment_status
2023/11/04 20:04:07.593  [C] [config.go:501]  Handler crashed with error reflect: Call with too few input arguments
2023/11/04 20:04:07.593  [C] [config.go:507]  /usr/local/go/src/runtime/panic.go:838
2023/11/04 20:04:07.593  [C] [config.go:507]  /usr/local/go/src/reflect/value.go:398
2023/11/04 20:04:07.594  [C] [config.go:507]  /usr/local/go/src/reflect/value.go:339
2023/11/04 20:04:07.594  [C] [config.go:507]  /root/go/pkg/mod/github.com/beego/beego/v2@v2.0.2/server/web/router.go:1200
2023/11/04 20:04:07.594  [C] [config.go:507]  /root/go/pkg/mod/github.com/beego/beego/v2@v2.0.2/server/web/filter.go:83
2023/11/04 20:04:07.594  [C] [config.go:507]  /root/go/pkg/mod/github.com/beego/beego/v2@v2.0.2/server/web/router.go:973
2023/11/04 20:04:07.594  [C] [config.go:507]  /usr/local/go/src/net/http/server.go:2916
2023/11/04 20:04:07.594  [C] [config.go:507]  /usr/local/go/src/net/http/server.go:1966
2023/11/04 20:04:07.594  [C] [config.go:507]  /usr/local/go/src/runtime/asm_amd64.s:1571
2023/11/04 20:04:12.606  [C] [config.go:500]  the request url is  /check_payment_status
2023/11/04 20:04:12.606  [C] [config.go:501]  Handler crashed with error reflect: Call with too few input arguments
2023/11/04 20:04:12.606  [C] [config.go:507]  /usr/local/go/src/runtime/panic.go:838
2023/11/04 20:04:12.606  [C] [config.go:507]  /usr/local/go/src/reflect/value.go:398
2023/11/04 20:04:12.606  [C] [config.go:507]  /usr/local/go/src/reflect/value.go:339
2023/11/04 20:04:12.606  [C] [config.go:507]  /root/go/pkg/mod/github.com/beego/beego/v2@v2.0.2/server/web/router.go:1200
2023/11/04 20:04:12.606  [C] [config.go:507]  /root/go/pkg/mod/github.com/beego/beego/v2@v2.0.2/server/web/filter.go:83
2023/11/04 20:04:12.607  [C] [config.go:507]  /root/go/pkg/mod/github.com/beego/beego/v2@v2.0.2/server/web/router.go:973
2023/11/04 20:04:12.607  [C] [config.go:507]  /usr/local/go/src/net/http/server.go:2916
2023/11/04 20:04:12.607  [C] [config.go:507]  /usr/local/go/src/net/http/server.go:1966
2023/11/04 20:04:12.607  [C] [config.go:507]  /usr/local/go/src/runtime/asm_amd64.s:1571
2023/11/04 20:04:17.589  [C] [config.go:500]  the request url is  /check_payment_status
2023/11/04 20:04:17.590  [C] [config.go:501]  Handler crashed with error reflect: Call with too few input arguments
2023/11/04 20:04:17.590  [C] [config.go:507]  /usr/local/go/src/runtime/panic.go:838
2023/11/04 20:04:17.590  [C] [config.go:507]  /usr/local/go/src/reflect/value.go:398
2023/11/04 20:04:17.590  [C] [config.go:507]  /usr/local/go/src/reflect/value.go:339
2023/11/04 20:04:17.590  [C] [config.go:507]  /root/go/pkg/mod/github.com/beego/beego/v2@v2.0.2/server/web/router.go:1200
2023/11/04 20:04:17.590  [C] [config.go:507]  /root/go/pkg/mod/github.com/beego/beego/v2@v2.0.2/server/web/filter.go:83
2023/11/04 20:04:17.590  [C] [config.go:507]  /root/go/pkg/mod/github.com/beego/beego/v2@v2.0.2/server/web/router.go:973
2023/11/04 20:04:17.590  [C] [config.go:507]  /usr/local/go/src/net/http/server.go:2916
2023/11/04 20:04:17.590  [C] [config.go:507]  /usr/local/go/src/net/http/server.go:1966
2023/11/04 20:04:17.590  [C] [config.go:507]  /usr/local/go/src/runtime/asm_amd64.s:1571
2023/11/04 20:04:22.594  [C] [config.go:500]  the request url is  /check_payment_status
2023/11/04 20:04:22.594  [C] [config.go:501]  Handler crashed with error reflect: Call with too few input arguments
2023/11/04 20:04:22.594  [C] [config.go:507]  /usr/local/go/src/runtime/panic.go:838
2023/11/04 20:04:22.594  [C] [config.go:507]  /usr/local/go/src/reflect/value.go:398
2023/11/04 20:04:22.594  [C] [config.go:507]  /usr/local/go/src/reflect/value.go:339
2023/11/04 20:04:22.594  [C] [config.go:507]  /root/go/pkg/mod/github.com/beego/beego/v2@v2.0.2/server/web/router.go:1200
2023/11/04 20:04:22.594  [C] [config.go:507]  /root/go/pkg/mod/github.com/beego/beego/v2@v2.0.2/server/web/filter.go:83
2023/11/04 20:04:22.594  [C] [config.go:507]  /root/go/pkg/mod/github.com/beego/beego/v2@v2.0.2/server/web/router.go:973
2023/11/04 20:04:22.594  [C] [config.go:507]  /usr/local/go/src/net/http/server.go:2916
2023/11/04 20:04:22.594  [C] [config.go:507]  /usr/local/go/src/net/http/server.go:1966
2023/11/04 20:04:22.595  [C] [config.go:507]  /usr/local/go/src/runtime/asm_amd64.s:1571
2023/11/04 20:04:27.599  [C] [config.go:500]  the request url is  /check_payment_status
2023/11/04 20:04:27.599  [C] [config.go:501]  Handler crashed with error reflect: Call with too few input arguments
2023/11/04 20:04:27.599  [C] [config.go:507]  /usr/local/go/src/runtime/panic.go:838
2023/11/04 20:04:27.599  [C] [config.go:507]  /usr/local/go/src/reflect/value.go:398
2023/11/04 20:04:27.599  [C] [config.go:507]  /usr/local/go/src/reflect/value.go:339
2023/11/04 20:04:27.599  [C] [config.go:507]  /root/go/pkg/mod/github.com/beego/beego/v2@v2.0.2/server/web/router.go:1200
2023/11/04 20:04:27.599  [C] [config.go:507]  /root/go/pkg/mod/github.com/beego/beego/v2@v2.0.2/server/web/filter.go:83
2023/11/04 20:04:27.600  [C] [config.go:507]  /root/go/pkg/mod/github.com/beego/beego/v2@v2.0.2/server/web/router.go:973
2023/11/04 20:04:27.600  [C] [config.go:507]  /usr/local/go/src/net/http/server.go:2916
2023/11/04 20:04:27.600  [C] [config.go:507]  /usr/local/go/src/net/http/server.go:1966
2023/11/04 20:04:27.600  [C] [config.go:507]  /usr/local/go/src/runtime/asm_amd64.s:1571
2023/11/04 20:04:32.599  [C] [config.go:500]  the request url is  /check_payment_status
2023/11/04 20:04:32.599  [C] [config.go:501]  Handler crashed with error reflect: Call with too few input arguments
2023/11/04 20:04:32.599  [C] [config.go:507]  /usr/local/go/src/runtime/panic.go:838
2023/11/04 20:04:32.599  [C] [config.go:507]  /usr/local/go/src/reflect/value.go:398
2023/11/04 20:04:32.599  [C] [config.go:507]  /usr/local/go/src/reflect/value.go:339
2023/11/04 20:04:32.599  [C] [config.go:507]  /root/go/pkg/mod/github.com/beego/beego/v2@v2.0.2/server/web/router.go:1200
2023/11/04 20:04:32.599  [C] [config.go:507]  /root/go/pkg/mod/github.com/beego/beego/v2@v2.0.2/server/web/filter.go:83
2023/11/04 20:04:32.599  [C] [config.go:507]  /root/go/pkg/mod/github.com/beego/beego/v2@v2.0.2/server/web/router.go:973
2023/11/04 20:04:32.599  [C] [config.go:507]  /usr/local/go/src/net/http/server.go:2916
2023/11/04 20:04:32.599  [C] [config.go:507]  /usr/local/go/src/net/http/server.go:1966
2023/11/04 20:04:32.599  [C] [config.go:507]  /usr/local/go/src/runtime/asm_amd64.s:1571
2023/11/04 20:04:37.599  [C] [config.go:500]  the request url is  /check_payment_status
2023/11/04 20:04:37.599  [C] [config.go:501]  Handler crashed with error reflect: Call with too few input arguments
2023/11/04 20:04:37.599  [C] [config.go:507]  /usr/local/go/src/runtime/panic.go:838
2023/11/04 20:04:37.599  [C] [config.go:507]  /usr/local/go/src/reflect/value.go:398
2023/11/04 20:04:37.599  [C] [config.go:507]  /usr/local/go/src/reflect/value.go:339
2023/11/04 20:04:37.599  [C] [config.go:507]  /root/go/pkg/mod/github.com/beego/beego/v2@v2.0.2/server/web/router.go:1200
2023/11/04 20:04:37.599  [C] [config.go:507]  /root/go/pkg/mod/github.com/beego/beego/v2@v2.0.2/server/web/filter.go:83
2023/11/04 20:04:37.599  [C] [config.go:507]  /root/go/pkg/mod/github.com/beego/beego/v2@v2.0.2/server/web/router.go:973
2023/11/04 20:04:37.599  [C] [config.go:507]  /usr/local/go/src/net/http/server.go:2916
2023/11/04 20:04:37.599  [C] [config.go:507]  /usr/local/go/src/net/http/server.go:1966
2023/11/04 20:04:37.599  [C] [config.go:507]  /usr/local/go/src/runtime/asm_amd64.s:1571
2023/11/04 20:04:42.598  [C] [config.go:500]  the request url is  /check_payment_status
2023/11/04 20:04:42.599  [C] [config.go:501]  Handler crashed with error reflect: Call with too few input arguments
2023/11/04 20:04:42.599  [C] [config.go:507]  /usr/local/go/src/runtime/panic.go:838
2023/11/04 20:04:42.599  [C] [config.go:507]  /usr/local/go/src/reflect/value.go:398
2023/11/04 20:04:42.599  [C] [config.go:507]  /usr/local/go/src/reflect/value.go:339
2023/11/04 20:04:42.599  [C] [config.go:507]  /root/go/pkg/mod/github.com/beego/beego/v2@v2.0.2/server/web/router.go:1200
2023/11/04 20:04:42.599  [C] [config.go:507]  /root/go/pkg/mod/github.com/beego/beego/v2@v2.0.2/server/web/filter.go:83
2023/11/04 20:04:42.599  [C] [config.go:507]  /root/go/pkg/mod/github.com/beego/beego/v2@v2.0.2/server/web/router.go:973
2023/11/04 20:04:42.599  [C] [config.go:507]  /usr/local/go/src/net/http/server.go:2916
2023/11/04 20:04:42.599  [C] [config.go:507]  /usr/local/go/src/net/http/server.go:1966
2023/11/04 20:04:42.599  [C] [config.go:507]  /usr/local/go/src/runtime/asm_amd64.s:1571
2023/11/04 20:04:47.597  [C] [config.go:500]  the request url is  /check_payment_status
2023/11/04 20:04:47.598  [C] [config.go:501]  Handler crashed with error reflect: Call with too few input arguments
2023/11/04 20:04:47.598  [C] [config.go:507]  /usr/local/go/src/runtime/panic.go:838
2023/11/04 20:04:47.598  [C] [config.go:507]  /usr/local/go/src/reflect/value.go:398
2023/11/04 20:04:47.598  [C] [config.go:507]  /usr/local/go/src/reflect/value.go:339
2023/11/04 20:04:47.598  [C] [config.go:507]  /root/go/pkg/mod/github.com/beego/beego/v2@v2.0.2/server/web/router.go:1200
2023/11/04 20:04:47.598  [C] [config.go:507]  /root/go/pkg/mod/github.com/beego/beego/v2@v2.0.2/server/web/filter.go:83
2023/11/04 20:04:47.598  [C] [config.go:507]  /root/go/pkg/mod/github.com/beego/beego/v2@v2.0.2/server/web/router.go:973
2023/11/04 20:04:47.598  [C] [config.go:507]  /usr/local/go/src/net/http/server.go:2916
2023/11/04 20:04:47.598  [C] [config.go:507]  /usr/local/go/src/net/http/server.go:1966
2023/11/04 20:04:47.598  [C] [config.go:507]  /usr/local/go/src/runtime/asm_amd64.s:1571
2023/11/04 20:05:02.783  [C] [config.go:500]  the request url is  /check_payment_status
2023/11/04 20:05:02.783  [C] [config.go:501]  Handler crashed with error reflect: Call with too few input arguments
2023/11/04 20:05:02.783  [C] [config.go:507]  /usr/local/go/src/runtime/panic.go:838
2023/11/04 20:05:02.783  [C] [config.go:507]  /usr/local/go/src/reflect/value.go:398
2023/11/04 20:05:02.783  [C] [config.go:507]  /usr/local/go/src/reflect/value.go:339
2023/11/04 20:05:02.783  [C] [config.go:507]  /root/go/pkg/mod/github.com/beego/beego/v2@v2.0.2/server/web/router.go:1200
2023/11/04 20:05:02.783  [C] [config.go:507]  /root/go/pkg/mod/github.com/beego/beego/v2@v2.0.2/server/web/filter.go:83
2023/11/04 20:05:02.783  [C] [config.go:507]  /root/go/pkg/mod/github.com/beego/beego/v2@v2.0.2/server/web/router.go:973
2023/11/04 20:05:02.783  [C] [config.go:507]  /usr/local/go/src/net/http/server.go:2916
2023/11/04 20:05:02.783  [C] [config.go:507]  /usr/local/go/src/net/http/server.go:1966
2023/11/04 20:05:02.783  [C] [config.go:507]  /usr/local/go/src/runtime/asm_amd64.s:1571
2023/11/04 20:05:07.589  [C] [config.go:500]  the request url is  /check_payment_status
2023/11/04 20:05:07.589  [C] [config.go:501]  Handler crashed with error reflect: Call with too few input arguments
2023/11/04 20:05:07.589  [C] [config.go:507]  /usr/local/go/src/runtime/panic.go:838
2023/11/04 20:05:07.589  [C] [config.go:507]  /usr/local/go/src/reflect/value.go:398
2023/11/04 20:05:07.589  [C] [config.go:507]  /usr/local/go/src/reflect/value.go:339
2023/11/04 20:05:07.589  [C] [config.go:507]  /root/go/pkg/mod/github.com/beego/beego/v2@v2.0.2/server/web/router.go:1200
2023/11/04 20:05:07.589  [C] [config.go:507]  /root/go/pkg/mod/github.com/beego/beego/v2@v2.0.2/server/web/filter.go:83
2023/11/04 20:05:07.589  [C] [config.go:507]  /root/go/pkg/mod/github.com/beego/beego/v2@v2.0.2/server/web/router.go:973
2023/11/04 20:05:07.589  [C] [config.go:507]  /usr/local/go/src/net/http/server.go:2916
2023/11/04 20:05:07.589  [C] [config.go:507]  /usr/local/go/src/net/http/server.go:1966
2023/11/04 20:05:07.589  [C] [config.go:507]  /usr/local/go/src/runtime/asm_amd64.s:1571
2023/11/04 20:05:12.591  [C] [config.go:500]  the request url is  /check_payment_status
2023/11/04 20:05:12.592  [C] [config.go:501]  Handler crashed with error reflect: Call with too few input arguments
2023/11/04 20:05:12.592  [C] [config.go:507]  /usr/local/go/src/runtime/panic.go:838
2023/11/04 20:05:12.592  [C] [config.go:507]  /usr/local/go/src/reflect/value.go:398
2023/11/04 20:05:12.592  [C] [config.go:507]  /usr/local/go/src/reflect/value.go:339
2023/11/04 20:05:12.592  [C] [config.go:507]  /root/go/pkg/mod/github.com/beego/beego/v2@v2.0.2/server/web/router.go:1200
2023/11/04 20:05:12.593  [C] [config.go:507]  /root/go/pkg/mod/github.com/beego/beego/v2@v2.0.2/server/web/filter.go:83
2023/11/04 20:05:12.593  [C] [config.go:507]  /root/go/pkg/mod/github.com/beego/beego/v2@v2.0.2/server/web/router.go:973
2023/11/04 20:05:12.593  [C] [config.go:507]  /usr/local/go/src/net/http/server.go:2916
2023/11/04 20:05:12.593  [C] [config.go:507]  /usr/local/go/src/net/http/server.go:1966
2023/11/04 20:05:12.593  [C] [config.go:507]  /usr/local/go/src/runtime/asm_amd64.s:1571
2023/11/04 20:05:17.594  [C] [config.go:500]  the request url is  /check_payment_status
2023/11/04 20:05:17.594  [C] [config.go:501]  Handler crashed with error reflect: Call with too few input arguments
2023/11/04 20:05:17.594  [C] [config.go:507]  /usr/local/go/src/runtime/panic.go:838
2023/11/04 20:05:17.594  [C] [config.go:507]  /usr/local/go/src/reflect/value.go:398
2023/11/04 20:05:17.594  [C] [config.go:507]  /usr/local/go/src/reflect/value.go:339
2023/11/04 20:05:17.594  [C] [config.go:507]  /root/go/pkg/mod/github.com/beego/beego/v2@v2.0.2/server/web/router.go:1200
2023/11/04 20:05:17.594  [C] [config.go:507]  /root/go/pkg/mod/github.com/beego/beego/v2@v2.0.2/server/web/filter.go:83
2023/11/04 20:05:17.594  [C] [config.go:507]  /root/go/pkg/mod/github.com/beego/beego/v2@v2.0.2/server/web/router.go:973
2023/11/04 20:05:17.595  [C] [config.go:507]  /usr/local/go/src/net/http/server.go:2916
2023/11/04 20:05:17.595  [C] [config.go:507]  /usr/local/go/src/net/http/server.go:1966
2023/11/04 20:05:17.595  [C] [config.go:507]  /usr/local/go/src/runtime/asm_amd64.s:1571
2023/11/04 20:05:32.598  [C] [config.go:500]  the request url is  /check_payment_status
2023/11/04 20:05:32.598  [C] [config.go:501]  Handler crashed with error reflect: Call with too few input arguments
2023/11/04 20:05:32.598  [C] [config.go:507]  /usr/local/go/src/runtime/panic.go:838
2023/11/04 20:05:32.598  [C] [config.go:507]  /usr/local/go/src/reflect/value.go:398
2023/11/04 20:05:32.598  [C] [config.go:507]  /usr/local/go/src/reflect/value.go:339
2023/11/04 20:05:32.598  [C] [config.go:507]  /root/go/pkg/mod/github.com/beego/beego/v2@v2.0.2/server/web/router.go:1200
2023/11/04 20:05:32.598  [C] [config.go:507]  /root/go/pkg/mod/github.com/beego/beego/v2@v2.0.2/server/web/filter.go:83
2023/11/04 20:05:32.598  [C] [config.go:507]  /root/go/pkg/mod/github.com/beego/beego/v2@v2.0.2/server/web/router.go:973
2023/11/04 20:05:32.598  [C] [config.go:507]  /usr/local/go/src/net/http/server.go:2916
2023/11/04 20:05:32.598  [C] [config.go:507]  /usr/local/go/src/net/http/server.go:1966
2023/11/04 20:05:32.598  [C] [config.go:507]  /usr/local/go/src/runtime/asm_amd64.s:1571
2023/11/04 20:05:37.614  [C] [config.go:500]  the request url is  /check_payment_status
2023/11/04 20:05:37.614  [C] [config.go:501]  Handler crashed with error reflect: Call with too few input arguments
2023/11/04 20:05:37.614  [C] [config.go:507]  /usr/local/go/src/runtime/panic.go:838
2023/11/04 20:05:37.614  [C] [config.go:507]  /usr/local/go/src/reflect/value.go:398
2023/11/04 20:05:37.614  [C] [config.go:507]  /usr/local/go/src/reflect/value.go:339
2023/11/04 20:05:37.614  [C] [config.go:507]  /root/go/pkg/mod/github.com/beego/beego/v2@v2.0.2/server/web/router.go:1200
2023/11/04 20:05:37.614  [C] [config.go:507]  /root/go/pkg/mod/github.com/beego/beego/v2@v2.0.2/server/web/filter.go:83
2023/11/04 20:05:37.614  [C] [config.go:507]  /root/go/pkg/mod/github.com/beego/beego/v2@v2.0.2/server/web/router.go:973
2023/11/04 20:05:37.614  [C] [config.go:507]  /usr/local/go/src/net/http/server.go:2916
2023/11/04 20:05:37.614  [C] [config.go:507]  /usr/local/go/src/net/http/server.go:1966
2023/11/04 20:05:37.614  [C] [config.go:507]  /usr/local/go/src/runtime/asm_amd64.s:1571
2023/11/04 20:05:42.598  [C] [config.go:500]  the request url is  /check_payment_status
2023/11/04 20:05:42.598  [C] [config.go:501]  Handler crashed with error reflect: Call with too few input arguments
2023/11/04 20:05:42.598  [C] [config.go:507]  /usr/local/go/src/runtime/panic.go:838
2023/11/04 20:05:42.598  [C] [config.go:507]  /usr/local/go/src/reflect/value.go:398
2023/11/04 20:05:42.598  [C] [config.go:507]  /usr/local/go/src/reflect/value.go:339
2023/11/04 20:05:42.598  [C] [config.go:507]  /root/go/pkg/mod/github.com/beego/beego/v2@v2.0.2/server/web/router.go:1200
2023/11/04 20:05:42.598  [C] [config.go:507]  /root/go/pkg/mod/github.com/beego/beego/v2@v2.0.2/server/web/filter.go:83
2023/11/04 20:05:42.598  [C] [config.go:507]  /root/go/pkg/mod/github.com/beego/beego/v2@v2.0.2/server/web/router.go:973
2023/11/04 20:05:42.598  [C] [config.go:507]  /usr/local/go/src/net/http/server.go:2916
2023/11/04 20:05:42.599  [C] [config.go:507]  /usr/local/go/src/net/http/server.go:1966
2023/11/04 20:05:42.599  [C] [config.go:507]  /usr/local/go/src/runtime/asm_amd64.s:1571
2023/11/04 20:05:47.599  [C] [config.go:500]  the request url is  /check_payment_status
2023/11/04 20:05:47.599  [C] [config.go:501]  Handler crashed with error reflect: Call with too few input arguments
2023/11/04 20:05:47.599  [C] [config.go:507]  /usr/local/go/src/runtime/panic.go:838
2023/11/04 20:05:47.599  [C] [config.go:507]  /usr/local/go/src/reflect/value.go:398
2023/11/04 20:05:47.599  [C] [config.go:507]  /usr/local/go/src/reflect/value.go:339
2023/11/04 20:05:47.599  [C] [config.go:507]  /root/go/pkg/mod/github.com/beego/beego/v2@v2.0.2/server/web/router.go:1200
2023/11/04 20:05:47.599  [C] [config.go:507]  /root/go/pkg/mod/github.com/beego/beego/v2@v2.0.2/server/web/filter.go:83
2023/11/04 20:05:47.599  [C] [config.go:507]  /root/go/pkg/mod/github.com/beego/beego/v2@v2.0.2/server/web/router.go:973
2023/11/04 20:05:47.599  [C] [config.go:507]  /usr/local/go/src/net/http/server.go:2916
2023/11/04 20:05:47.600  [C] [config.go:507]  /usr/local/go/src/net/http/server.go:1966
2023/11/04 20:05:47.600  [C] [config.go:507]  /usr/local/go/src/runtime/asm_amd64.s:1571
2023/11/04 20:05:52.592  [C] [config.go:500]  the request url is  /check_payment_status
2023/11/04 20:05:52.592  [C] [config.go:501]  Handler crashed with error reflect: Call with too few input arguments
2023/11/04 20:05:52.592  [C] [config.go:507]  /usr/local/go/src/runtime/panic.go:838
2023/11/04 20:05:52.592  [C] [config.go:507]  /usr/local/go/src/reflect/value.go:398
2023/11/04 20:05:52.592  [C] [config.go:507]  /usr/local/go/src/reflect/value.go:339
2023/11/04 20:05:52.592  [C] [config.go:507]  /root/go/pkg/mod/github.com/beego/beego/v2@v2.0.2/server/web/router.go:1200
2023/11/04 20:05:52.592  [C] [config.go:507]  /root/go/pkg/mod/github.com/beego/beego/v2@v2.0.2/server/web/filter.go:83
2023/11/04 20:05:52.592  [C] [config.go:507]  /root/go/pkg/mod/github.com/beego/beego/v2@v2.0.2/server/web/router.go:973
2023/11/04 20:05:52.592  [C] [config.go:507]  /usr/local/go/src/net/http/server.go:2916
2023/11/04 20:05:52.592  [C] [config.go:507]  /usr/local/go/src/net/http/server.go:1966
2023/11/04 20:05:52.592  [C] [config.go:507]  /usr/local/go/src/runtime/asm_amd64.s:1571
2023/11/04 20:05:57.600  [C] [config.go:500]  the request url is  /check_payment_status
2023/11/04 20:05:57.600  [C] [config.go:501]  Handler crashed with error reflect: Call with too few input arguments
2023/11/04 20:05:57.600  [C] [config.go:507]  /usr/local/go/src/runtime/panic.go:838
2023/11/04 20:05:57.600  [C] [config.go:507]  /usr/local/go/src/reflect/value.go:398
2023/11/04 20:05:57.600  [C] [config.go:507]  /usr/local/go/src/reflect/value.go:339
2023/11/04 20:05:57.600  [C] [config.go:507]  /root/go/pkg/mod/github.com/beego/beego/v2@v2.0.2/server/web/router.go:1200
2023/11/04 20:05:57.600  [C] [config.go:507]  /root/go/pkg/mod/github.com/beego/beego/v2@v2.0.2/server/web/filter.go:83
2023/11/04 20:05:57.600  [C] [config.go:507]  /root/go/pkg/mod/github.com/beego/beego/v2@v2.0.2/server/web/router.go:973
2023/11/04 20:05:57.601  [C] [config.go:507]  /usr/local/go/src/net/http/server.go:2916
2023/11/04 20:05:57.601  [C] [config.go:507]  /usr/local/go/src/net/http/server.go:1966
2023/11/04 20:05:57.601  [C] [config.go:507]  /usr/local/go/src/runtime/asm_amd64.s:1571
2023/11/04 20:06:02.596  [C] [config.go:500]  the request url is  /check_payment_status
2023/11/04 20:06:02.597  [C] [config.go:501]  Handler crashed with error reflect: Call with too few input arguments
2023/11/04 20:06:02.597  [C] [config.go:507]  /usr/local/go/src/runtime/panic.go:838
2023/11/04 20:06:02.597  [C] [config.go:507]  /usr/local/go/src/reflect/value.go:398
2023/11/04 20:06:02.597  [C] [config.go:507]  /usr/local/go/src/reflect/value.go:339
2023/11/04 20:06:02.597  [C] [config.go:507]  /root/go/pkg/mod/github.com/beego/beego/v2@v2.0.2/server/web/router.go:1200
2023/11/04 20:06:02.597  [C] [config.go:507]  /root/go/pkg/mod/github.com/beego/beego/v2@v2.0.2/server/web/filter.go:83
2023/11/04 20:06:02.597  [C] [config.go:507]  /root/go/pkg/mod/github.com/beego/beego/v2@v2.0.2/server/web/router.go:973
2023/11/04 20:06:02.597  [C] [config.go:507]  /usr/local/go/src/net/http/server.go:2916
2023/11/04 20:06:02.597  [C] [config.go:507]  /usr/local/go/src/net/http/server.go:1966
2023/11/04 20:06:02.597  [C] [config.go:507]  /usr/local/go/src/runtime/asm_amd64.s:1571
2023/11/04 20:06:07.594  [C] [config.go:500]  the request url is  /check_payment_status
2023/11/04 20:06:07.594  [C] [config.go:501]  Handler crashed with error reflect: Call with too few input arguments
2023/11/04 20:06:07.594  [C] [config.go:507]  /usr/local/go/src/runtime/panic.go:838
2023/11/04 20:06:07.594  [C] [config.go:507]  /usr/local/go/src/reflect/value.go:398
2023/11/04 20:06:07.594  [C] [config.go:507]  /usr/local/go/src/reflect/value.go:339
2023/11/04 20:06:07.594  [C] [config.go:507]  /root/go/pkg/mod/github.com/beego/beego/v2@v2.0.2/server/web/router.go:1200
2023/11/04 20:06:07.594  [C] [config.go:507]  /root/go/pkg/mod/github.com/beego/beego/v2@v2.0.2/server/web/filter.go:83
2023/11/04 20:06:07.594  [C] [config.go:507]  /root/go/pkg/mod/github.com/beego/beego/v2@v2.0.2/server/web/router.go:973
2023/11/04 20:06:07.594  [C] [config.go:507]  /usr/local/go/src/net/http/server.go:2916
2023/11/04 20:06:07.594  [C] [config.go:507]  /usr/local/go/src/net/http/server.go:1966
2023/11/04 20:06:07.594  [C] [config.go:507]  /usr/local/go/src/runtime/asm_amd64.s:1571
2023/11/04 20:06:12.590  [C] [config.go:500]  the request url is  /check_payment_status
2023/11/04 20:06:12.590  [C] [config.go:501]  Handler crashed with error reflect: Call with too few input arguments
2023/11/04 20:06:12.590  [C] [config.go:507]  /usr/local/go/src/runtime/panic.go:838
2023/11/04 20:06:12.590  [C] [config.go:507]  /usr/local/go/src/reflect/value.go:398
2023/11/04 20:06:12.590  [C] [config.go:507]  /usr/local/go/src/reflect/value.go:339
2023/11/04 20:06:12.590  [C] [config.go:507]  /root/go/pkg/mod/github.com/beego/beego/v2@v2.0.2/server/web/router.go:1200
2023/11/04 20:06:12.590  [C] [config.go:507]  /root/go/pkg/mod/github.com/beego/beego/v2@v2.0.2/server/web/filter.go:83
2023/11/04 20:06:12.590  [C] [config.go:507]  /root/go/pkg/mod/github.com/beego/beego/v2@v2.0.2/server/web/router.go:973
2023/11/04 20:06:12.590  [C] [config.go:507]  /usr/local/go/src/net/http/server.go:2916
2023/11/04 20:06:12.590  [C] [config.go:507]  /usr/local/go/src/net/http/server.go:1966
2023/11/04 20:06:12.590  [C] [config.go:507]  /usr/local/go/src/runtime/asm_amd64.s:1571
2023/11/04 20:06:17.598  [C] [config.go:500]  the request url is  /check_payment_status
2023/11/04 20:06:17.598  [C] [config.go:501]  Handler crashed with error reflect: Call with too few input arguments
2023/11/04 20:06:17.598  [C] [config.go:507]  /usr/local/go/src/runtime/panic.go:838
2023/11/04 20:06:17.598  [C] [config.go:507]  /usr/local/go/src/reflect/value.go:398
2023/11/04 20:06:17.598  [C] [config.go:507]  /usr/local/go/src/reflect/value.go:339
2023/11/04 20:06:17.598  [C] [config.go:507]  /root/go/pkg/mod/github.com/beego/beego/v2@v2.0.2/server/web/router.go:1200
2023/11/04 20:06:17.598  [C] [config.go:507]  /root/go/pkg/mod/github.com/beego/beego/v2@v2.0.2/server/web/filter.go:83
2023/11/04 20:06:17.598  [C] [config.go:507]  /root/go/pkg/mod/github.com/beego/beego/v2@v2.0.2/server/web/router.go:973
2023/11/04 20:06:17.598  [C] [config.go:507]  /usr/local/go/src/net/http/server.go:2916
2023/11/04 20:06:17.598  [C] [config.go:507]  /usr/local/go/src/net/http/server.go:1966
2023/11/04 20:06:17.598  [C] [config.go:507]  /usr/local/go/src/runtime/asm_amd64.s:1571
2023/11/04 20:06:22.597  [C] [config.go:500]  the request url is  /check_payment_status
2023/11/04 20:06:22.597  [C] [config.go:501]  Handler crashed with error reflect: Call with too few input arguments
2023/11/04 20:06:22.597  [C] [config.go:507]  /usr/local/go/src/runtime/panic.go:838
2023/11/04 20:06:22.597  [C] [config.go:507]  /usr/local/go/src/reflect/value.go:398
2023/11/04 20:06:22.598  [C] [config.go:507]  /usr/local/go/src/reflect/value.go:339
2023/11/04 20:06:22.598  [C] [config.go:507]  /root/go/pkg/mod/github.com/beego/beego/v2@v2.0.2/server/web/router.go:1200
2023/11/04 20:06:22.598  [C] [config.go:507]  /root/go/pkg/mod/github.com/beego/beego/v2@v2.0.2/server/web/filter.go:83
2023/11/04 20:06:22.598  [C] [config.go:507]  /root/go/pkg/mod/github.com/beego/beego/v2@v2.0.2/server/web/router.go:973
2023/11/04 20:06:22.598  [C] [config.go:507]  /usr/local/go/src/net/http/server.go:2916
2023/11/04 20:06:22.598  [C] [config.go:507]  /usr/local/go/src/net/http/server.go:1966
2023/11/04 20:06:22.598  [C] [config.go:507]  /usr/local/go/src/runtime/asm_amd64.s:1571
2023/11/04 20:06:27.598  [C] [config.go:500]  the request url is  /check_payment_status
2023/11/04 20:06:27.598  [C] [config.go:501]  Handler crashed with error reflect: Call with too few input arguments
2023/11/04 20:06:27.598  [C] [config.go:507]  /usr/local/go/src/runtime/panic.go:838
2023/11/04 20:06:27.598  [C] [config.go:507]  /usr/local/go/src/reflect/value.go:398
2023/11/04 20:06:27.598  [C] [config.go:507]  /usr/local/go/src/reflect/value.go:339
2023/11/04 20:06:27.598  [C] [config.go:507]  /root/go/pkg/mod/github.com/beego/beego/v2@v2.0.2/server/web/router.go:1200
2023/11/04 20:06:27.598  [C] [config.go:507]  /root/go/pkg/mod/github.com/beego/beego/v2@v2.0.2/server/web/filter.go:83
2023/11/04 20:06:27.598  [C] [config.go:507]  /root/go/pkg/mod/github.com/beego/beego/v2@v2.0.2/server/web/router.go:973
2023/11/04 20:06:27.598  [C] [config.go:507]  /usr/local/go/src/net/http/server.go:2916
2023/11/04 20:06:27.598  [C] [config.go:507]  /usr/local/go/src/net/http/server.go:1966
2023/11/04 20:06:27.598  [C] [config.go:507]  /usr/local/go/src/runtime/asm_amd64.s:1571
2023/11/04 20:06:32.594  [C] [config.go:500]  the request url is  /check_payment_status
2023/11/04 20:06:32.594  [C] [config.go:501]  Handler crashed with error reflect: Call with too few input arguments
2023/11/04 20:06:32.594  [C] [config.go:507]  /usr/local/go/src/runtime/panic.go:838
2023/11/04 20:06:32.594  [C] [config.go:507]  /usr/local/go/src/reflect/value.go:398
2023/11/04 20:06:32.594  [C] [config.go:507]  /usr/local/go/src/reflect/value.go:339
2023/11/04 20:06:32.594  [C] [config.go:507]  /root/go/pkg/mod/github.com/beego/beego/v2@v2.0.2/server/web/router.go:1200
2023/11/04 20:06:32.594  [C] [config.go:507]  /root/go/pkg/mod/github.com/beego/beego/v2@v2.0.2/server/web/filter.go:83
2023/11/04 20:06:32.594  [C] [config.go:507]  /root/go/pkg/mod/github.com/beego/beego/v2@v2.0.2/server/web/router.go:973
2023/11/04 20:06:32.594  [C] [config.go:507]  /usr/local/go/src/net/http/server.go:2916
2023/11/04 20:06:32.594  [C] [config.go:507]  /usr/local/go/src/net/http/server.go:1966
2023/11/04 20:06:32.594  [C] [config.go:507]  /usr/local/go/src/runtime/asm_amd64.s:1571
2023/11/04 20:06:37.594  [C] [config.go:500]  the request url is  /check_payment_status
2023/11/04 20:06:37.594  [C] [config.go:501]  Handler crashed with error reflect: Call with too few input arguments
2023/11/04 20:06:37.594  [C] [config.go:507]  /usr/local/go/src/runtime/panic.go:838
2023/11/04 20:06:37.594  [C] [config.go:507]  /usr/local/go/src/reflect/value.go:398
2023/11/04 20:06:37.594  [C] [config.go:507]  /usr/local/go/src/reflect/value.go:339
2023/11/04 20:06:37.594  [C] [config.go:507]  /root/go/pkg/mod/github.com/beego/beego/v2@v2.0.2/server/web/router.go:1200
2023/11/04 20:06:37.595  [C] [config.go:507]  /root/go/pkg/mod/github.com/beego/beego/v2@v2.0.2/server/web/filter.go:83
2023/11/04 20:06:37.595  [C] [config.go:507]  /root/go/pkg/mod/github.com/beego/beego/v2@v2.0.2/server/web/router.go:973
2023/11/04 20:06:37.595  [C] [config.go:507]  /usr/local/go/src/net/http/server.go:2916
2023/11/04 20:06:37.595  [C] [config.go:507]  /usr/local/go/src/net/http/server.go:1966
2023/11/04 20:06:37.595  [C] [config.go:507]  /usr/local/go/src/runtime/asm_amd64.s:1571
2023/11/04 20:06:42.596  [C] [config.go:500]  the request url is  /check_payment_status
2023/11/04 20:06:42.596  [C] [config.go:501]  Handler crashed with error reflect: Call with too few input arguments
2023/11/04 20:06:42.596  [C] [config.go:507]  /usr/local/go/src/runtime/panic.go:838
2023/11/04 20:06:42.596  [C] [config.go:507]  /usr/local/go/src/reflect/value.go:398
2023/11/04 20:06:42.596  [C] [config.go:507]  /usr/local/go/src/reflect/value.go:339
2023/11/04 20:06:42.596  [C] [config.go:507]  /root/go/pkg/mod/github.com/beego/beego/v2@v2.0.2/server/web/router.go:1200
2023/11/04 20:06:42.596  [C] [config.go:507]  /root/go/pkg/mod/github.com/beego/beego/v2@v2.0.2/server/web/filter.go:83
2023/11/04 20:06:42.596  [C] [config.go:507]  /root/go/pkg/mod/github.com/beego/beego/v2@v2.0.2/server/web/router.go:973
2023/11/04 20:06:42.596  [C] [config.go:507]  /usr/local/go/src/net/http/server.go:2916
2023/11/04 20:06:42.596  [C] [config.go:507]  /usr/local/go/src/net/http/server.go:1966
2023/11/04 20:06:42.596  [C] [config.go:507]  /usr/local/go/src/runtime/asm_amd64.s:1571
