2023/11/10 00:21:22.695  [C] [config.go:500]  the request url is  /login
2023/11/10 00:21:22.695  [C] [config.go:501]  Handler crashed with error <Ormer.Using> unknown db alias name `default`
2023/11/10 00:21:22.695  [C] [config.go:507]  /usr/local/go/src/runtime/panic.go:838
2023/11/10 00:21:22.695  [C] [config.go:507]  /root/go/pkg/mod/github.com/beego/beego/v2@v2.0.2/client/orm/orm.go:633
2023/11/10 00:21:22.695  [C] [config.go:507]  /root/go/pkg/mod/github.com/beego/beego/v2@v2.0.2/client/orm/orm.go:625
2023/11/10 00:21:22.696  [C] [config.go:507]  /www/wwwroot/merchant.onepayph.com/dongfeng-pay/boss/models/user/user_info.go:36
2023/11/10 00:21:22.696  [C] [config.go:507]  /www/wwwroot/merchant.onepayph.com/dongfeng-pay/boss/controllers/loginController.go:42
2023/11/10 00:21:22.696  [C] [config.go:507]  /usr/local/go/src/reflect/value.go:556
2023/11/10 00:21:22.696  [C] [config.go:507]  /usr/local/go/src/reflect/value.go:339
2023/11/10 00:21:22.696  [C] [config.go:507]  /root/go/pkg/mod/github.com/beego/beego/v2@v2.0.2/server/web/router.go:1200
2023/11/10 00:21:22.696  [C] [config.go:507]  /root/go/pkg/mod/github.com/beego/beego/v2@v2.0.2/server/web/filter.go:83
2023/11/10 00:21:22.696  [C] [config.go:507]  /root/go/pkg/mod/github.com/beego/beego/v2@v2.0.2/server/web/router.go:973
2023/11/10 00:21:22.696  [C] [config.go:507]  /usr/local/go/src/net/http/server.go:2916
2023/11/10 00:21:22.696  [C] [config.go:507]  /usr/local/go/src/net/http/server.go:1966
2023/11/10 00:21:22.696  [C] [config.go:507]  /usr/local/go/src/runtime/asm_amd64.s:1571
2023/11/10 00:26:29.646  [C] [config.go:500]  the request url is  /login
2023/11/10 00:26:29.647  [C] [config.go:501]  Handler crashed with error <Ormer.Using> unknown db alias name `default`
2023/11/10 00:26:29.647  [C] [config.go:507]  /usr/local/go/src/runtime/panic.go:838
2023/11/10 00:26:29.647  [C] [config.go:507]  /root/go/pkg/mod/github.com/beego/beego/v2@v2.0.2/client/orm/orm.go:633
2023/11/10 00:26:29.647  [C] [config.go:507]  /root/go/pkg/mod/github.com/beego/beego/v2@v2.0.2/client/orm/orm.go:625
2023/11/10 00:26:29.647  [C] [config.go:507]  /www/wwwroot/merchant.onepayph.com/dongfeng-pay/boss/models/user/user_info.go:36
2023/11/10 00:26:29.647  [C] [config.go:507]  /www/wwwroot/merchant.onepayph.com/dongfeng-pay/boss/controllers/loginController.go:42
2023/11/10 00:26:29.647  [C] [config.go:507]  /usr/local/go/src/reflect/value.go:556
2023/11/10 00:26:29.647  [C] [config.go:507]  /usr/local/go/src/reflect/value.go:339
2023/11/10 00:26:29.647  [C] [config.go:507]  /root/go/pkg/mod/github.com/beego/beego/v2@v2.0.2/server/web/router.go:1200
2023/11/10 00:26:29.647  [C] [config.go:507]  /root/go/pkg/mod/github.com/beego/beego/v2@v2.0.2/server/web/filter.go:83
2023/11/10 00:26:29.647  [C] [config.go:507]  /root/go/pkg/mod/github.com/beego/beego/v2@v2.0.2/server/web/router.go:973
2023/11/10 00:26:29.647  [C] [config.go:507]  /usr/local/go/src/net/http/server.go:2916
2023/11/10 00:26:29.647  [C] [config.go:507]  /usr/local/go/src/net/http/server.go:1966
2023/11/10 00:26:29.647  [C] [config.go:507]  /usr/local/go/src/runtime/asm_amd64.s:1571
